#
# There is insufficient memory for the Java Runtime Environment to continue.
# Native memory allocation (malloc) failed to allocate 2613088 bytes. Error detail: Chunk::new
# Possible reasons:
#   The system is out of physical RAM or swap space
#   This process is running with CompressedOops enabled, and the Java Heap may be blocking the growth of the native heap
# Possible solutions:
#   Reduce memory load on the system
#   Increase physical memory or swap space
#   Check if swap backing store is full
#   Decrease Java heap size (-Xmx/-Xms)
#   Decrease number of Java threads
#   Decrease Java thread stack sizes (-Xss)
#   Set larger code cache with -XX:ReservedCodeCacheSize=
#   JVM is running with Unscaled Compressed Oops mode in which the Java heap is
#     placed in the first 4GB address space. The Java Heap base address is the
#     maximum limit for the native heap growth. Please use -XX:HeapBaseMinAddress
#     to set the Java Heap base and to place the Java Heap above 4GB virtual address.
# This output file may be truncated or incomplete.
#
#  Out of Memory Error (arena.cpp:168), pid=22268, tid=24780
#
# JRE version: OpenJDK Runtime Environment Temurin-21.0.7+6 (21.0.7+6) (build 21.0.7+6-LTS)
# Java VM: OpenJDK 64-Bit Server VM Temurin-21.0.7+6 (21.0.7+6-LTS, mixed mode, sharing, tiered, compressed oops, compressed class ptrs, parallel gc, windows-amd64)
# No core dump will be written. Minidumps are not enabled by default on client versions of Windows
#

---------------  S U M M A R Y ------------

Command Line: --add-modules=ALL-SYSTEM --add-opens=java.base/java.util=ALL-UNNAMED --add-opens=java.base/java.lang=ALL-UNNAMED --add-opens=java.base/sun.nio.fs=ALL-UNNAMED -Declipse.application=org.eclipse.jdt.ls.core.id1 -Dosgi.bundles.defaultStartLevel=4 -Declipse.product=org.eclipse.jdt.ls.core.product -Djava.import.generatesMetadataFilesAtProjectRoot=false -DDetectVMInstallationsJob.disabled=true -Dfile.encoding=utf8 -XX:+UseParallelGC -XX:GCTimeRatio=4 -XX:AdaptiveSizePolicyWeight=90 -Dsun.zip.disableMemoryMapping=true -Xmx2G -Xms100m -Xlog:disable -javaagent:c:\Users\phát\.vscode\extensions\redhat.java-1.43.0-win32-x64\lombok\lombok-1.18.39-4050.jar -XX:+HeapDumpOnOutOfMemoryError -XX:HeapDumpPath=c:\Users\phát\AppData\Roaming\Code\User\workspaceStorage\b91bb5745323b6a29de8febb72558fa8\redhat.java -Daether.dependencyCollector.impl=bf c:\Users\phát\.vscode\extensions\redhat.java-1.43.0-win32-x64\server\plugins\org.eclipse.equinox.launcher_1.7.0.v20250519-0528.jar -configuration c:\Users\phát\AppData\Roaming\Code\User\globalStorage\redhat.java\1.43.0\config_win -data c:\Users\phát\AppData\Roaming\Code\User\workspaceStorage\b91bb5745323b6a29de8febb72558fa8\redhat.java\jdt_ws --pipe=\\.\pipe\lsp-9e6f0dfdc48bd426c758bfb9597ed86a-sock

Host: 12th Gen Intel(R) Core(TM) i5-12500H, 16 cores, 15G,  Windows 11 , 64 bit Build 26100 (10.0.26100.4202)
Time: Sat Jun 28 20:17:43 2025 SE Asia Standard Time elapsed time: 31.308523 seconds (0d 0h 0m 31s)

---------------  T H R E A D  ---------------

Current thread (0x000001ad9609cbe0):  JavaThread "C2 CompilerThread0" daemon [_thread_in_native, id=24780, stack(0x000000a210900000,0x000000a210a00000) (1024K)]


Current CompileTask:
C2:31308 10458   !   4       org.eclipse.jdt.internal.core.search.indexing.BinaryIndexer::indexDocument (1168 bytes)

Stack: [0x000000a210900000,0x000000a210a00000]
Native frames: (J=compiled Java code, j=interpreted, Vv=VM code, C=native code)
V  [jvm.dll+0x6ce119]
V  [jvm.dll+0x8a84a1]
V  [jvm.dll+0x8aa9ce]
V  [jvm.dll+0x8ab0b3]
V  [jvm.dll+0x27f8a6]
V  [jvm.dll+0xc507d]
V  [jvm.dll+0xc55b3]
V  [jvm.dll+0x3b692c]
V  [jvm.dll+0x1dfe33]
V  [jvm.dll+0x247c42]
V  [jvm.dll+0x2470cf]
V  [jvm.dll+0x1c760e]
V  [jvm.dll+0x25695a]
V  [jvm.dll+0x254efa]
V  [jvm.dll+0x3f03f6]
V  [jvm.dll+0x851f6b]
V  [jvm.dll+0x6cc7dd]
C  [ucrtbase.dll+0x37b0]
C  [KERNEL32.DLL+0x2e8d7]
C  [ntdll.dll+0x3c34c]


---------------  P R O C E S S  ---------------

Threads class SMR info:
_java_thread_list=0x000001ada17ec6d0, length=103, elements={
0x000001ad3d30dff0, 0x000001ad3d3b93d0, 0x000001ad3d2b8fa0, 0x000001ad3d2bbb30,
0x000001ad3d2bc8b0, 0x000001ad3d2bd950, 0x000001ad96095780, 0x000001ad9609cbe0,
0x000001ad9609eb30, 0x000001ad96202ea0, 0x000001ad96380f50, 0x000001ad9f8ad960,
0x000001ad9f87f6d0, 0x000001ad9f5b72f0, 0x000001ad9f7bf040, 0x000001ad9fd4d5c0,
0x000001ada00bc6f0, 0x000001ada00bf410, 0x000001ada00bdfa0, 0x000001ada00be670,
0x000001ada00bc060, 0x000001ada00bcd80, 0x000001ada00bd410, 0x000001ada00bb9d0,
0x000001ada00bacb0, 0x000001ad9fcd7740, 0x000001ad9fcd84e0, 0x000001ada00b9f90,
0x000001ada00ba620, 0x000001ada12be910, 0x000001ada12c09e0, 0x000001ada12bf630,
0x000001ada12bfcc0, 0x000001ada12c1070, 0x000001ada12c0350, 0x000001ada12be280,
0x000001ada12befa0, 0x000001ada12c1700, 0x000001ada2604150, 0x000001ada26068b0,
0x000001ada2604e70, 0x000001ada26075d0, 0x000001ada2605b90, 0x000001ada2606f40,
0x000001ada2606220, 0x000001ada2605500, 0x000001ada2607c60, 0x000001ada26047e0,
0x000001ada26082f0, 0x000001ada26096a0, 0x000001ada260a3c0, 0x000001ada2609010,
0x000001ada2608980, 0x000001ada260b0e0, 0x000001ada00bb340, 0x000001ad9f40b850,
0x000001ad9f40bee0, 0x000001ad9f40c570, 0x000001ad9f40ab30, 0x000001ad9f4090f0,
0x000001ad9f409780, 0x000001ad9f40b1c0, 0x000001ad9f40cc00, 0x000001ad9f40d290,
0x000001ad9f409e10, 0x000001ad9f40d920, 0x000001ad9f40a4a0, 0x000001ad9f40f360,
0x000001ad9f410710, 0x000001ad9f40dfb0, 0x000001ad9f40f9f0, 0x000001ad9f40e640,
0x000001ad9f410080, 0x000001ad9f40ecd0, 0x000001ada28a3280, 0x000001ada28a5350,
0x000001ada28a59e0, 0x000001ada28a4cc0, 0x000001ada28a3910, 0x000001ada28a2560,
0x000001ada28a6070, 0x000001ada28a2bf0, 0x000001ada28a6700, 0x000001ada28a4630,
0x000001ada28a87d0, 0x000001ada28a7ab0, 0x000001ada28a6d90, 0x000001ada28a8e60,
0x000001ada28a8140, 0x000001ada28a7420, 0x000001ada28a9b80, 0x000001adad21b6e0,
0x000001adad21de40, 0x000001adad21bd70, 0x000001adad21f1f0, 0x000001adad21c400,
0x000001adad21f880, 0x000001adad21eb60, 0x000001adad21e4d0, 0x000001adad2205a0,
0x000001adad21d120, 0x000001adad220c30, 0x000001adad2212c0
}

Java Threads: ( => current thread )
  0x000001ad3d30dff0 JavaThread "main"                              [_thread_blocked, id=14824, stack(0x000000a20ff00000,0x000000a210000000) (1024K)]
  0x000001ad3d3b93d0 JavaThread "Reference Handler"          daemon [_thread_blocked, id=26300, stack(0x000000a210300000,0x000000a210400000) (1024K)]
  0x000001ad3d2b8fa0 JavaThread "Finalizer"                  daemon [_thread_blocked, id=23640, stack(0x000000a210400000,0x000000a210500000) (1024K)]
  0x000001ad3d2bbb30 JavaThread "Signal Dispatcher"          daemon [_thread_blocked, id=25444, stack(0x000000a210500000,0x000000a210600000) (1024K)]
  0x000001ad3d2bc8b0 JavaThread "Attach Listener"            daemon [_thread_blocked, id=23768, stack(0x000000a210600000,0x000000a210700000) (1024K)]
  0x000001ad3d2bd950 JavaThread "Service Thread"             daemon [_thread_blocked, id=6868, stack(0x000000a210700000,0x000000a210800000) (1024K)]
  0x000001ad96095780 JavaThread "Monitor Deflation Thread"   daemon [_thread_blocked, id=26168, stack(0x000000a210800000,0x000000a210900000) (1024K)]
=>0x000001ad9609cbe0 JavaThread "C2 CompilerThread0"         daemon [_thread_in_native, id=24780, stack(0x000000a210900000,0x000000a210a00000) (1024K)]
  0x000001ad9609eb30 JavaThread "C1 CompilerThread0"         daemon [_thread_blocked, id=17304, stack(0x000000a210a00000,0x000000a210b00000) (1024K)]
  0x000001ad96202ea0 JavaThread "Common-Cleaner"             daemon [_thread_blocked, id=5328, stack(0x000000a210b00000,0x000000a210c00000) (1024K)]
  0x000001ad96380f50 JavaThread "Notification Thread"        daemon [_thread_blocked, id=14700, stack(0x000000a211000000,0x000000a211100000) (1024K)]
  0x000001ad9f8ad960 JavaThread "Active Thread: Equinox Container: 1ea559a5-a02e-4f5d-9dd8-794364b2fd31"        [_thread_in_Java, id=4968, stack(0x000000a211700000,0x000000a211800000) (1024K)]
  0x000001ad9f87f6d0 JavaThread "Refresh Thread: Equinox Container: 1ea559a5-a02e-4f5d-9dd8-794364b2fd31" daemon [_thread_blocked, id=21152, stack(0x000000a210f00000,0x000000a211000000) (1024K)]
  0x000001ad9f5b72f0 JavaThread "Framework Event Dispatcher: Equinox Container: 1ea559a5-a02e-4f5d-9dd8-794364b2fd31" daemon [_thread_blocked, id=25760, stack(0x000000a211800000,0x000000a211900000) (1024K)]
  0x000001ad9f7bf040 JavaThread "Start Level: Equinox Container: 1ea559a5-a02e-4f5d-9dd8-794364b2fd31" daemon [_thread_blocked, id=23584, stack(0x000000a211a00000,0x000000a211b00000) (1024K)]
  0x000001ad9fd4d5c0 JavaThread "Bundle File Closer"         daemon [_thread_blocked, id=13176, stack(0x000000a211d00000,0x000000a211e00000) (1024K)]
  0x000001ada00bc6f0 JavaThread "SCR Component Actor"        daemon [_thread_blocked, id=22236, stack(0x000000a210c00000,0x000000a210d00000) (1024K)]
  0x000001ada00bf410 JavaThread "C1 CompilerThread1"         daemon [_thread_blocked, id=22224, stack(0x000000a210d00000,0x000000a210e00000) (1024K)]
  0x000001ada00bdfa0 JavaThread "C1 CompilerThread2"         daemon [_thread_blocked, id=6332, stack(0x000000a212000000,0x000000a212100000) (1024K)]
  0x000001ada00be670 JavaThread "C1 CompilerThread3"         daemon [_thread_blocked, id=5088, stack(0x000000a212100000,0x000000a212200000) (1024K)]
  0x000001ada00bc060 JavaThread "Worker-JM"                         [_thread_blocked, id=9744, stack(0x000000a212300000,0x000000a212400000) (1024K)]
  0x000001ada00bcd80 JavaThread "JNA Cleaner"                daemon [_thread_blocked, id=3084, stack(0x000000a212500000,0x000000a212600000) (1024K)]
  0x000001ada00bd410 JavaThread "Worker-0"                          [_thread_blocked, id=23628, stack(0x000000a212600000,0x000000a212700000) (1024K)]
  0x000001ada00bb9d0 JavaThread "Worker-1: Building"                [_thread_blocked, id=23516, stack(0x000000a212700000,0x000000a212800000) (1024K)]
  0x000001ada00bacb0 JavaThread "Worker-2"                          [_thread_blocked, id=1540, stack(0x000000a212800000,0x000000a212900000) (1024K)]
  0x000001ad9fcd7740 JavaThread "C2 CompilerThread1"         daemon [_thread_in_native, id=9056, stack(0x000000a212200000,0x000000a212300000) (1024K)]
  0x000001ad9fcd84e0 JavaThread "C2 CompilerThread2"         daemon [_thread_in_native, id=2352, stack(0x000000a212900000,0x000000a212a00000) (1024K)]
  0x000001ada00b9f90 JavaThread "Java indexing"              daemon [_thread_in_Java, id=22076, stack(0x000000a212a00000,0x000000a212b00000) (1024K)]
  0x000001ada00ba620 JavaThread "Worker-3"                          [_thread_blocked, id=15272, stack(0x000000a212b00000,0x000000a212c00000) (1024K)]
  0x000001ada12be910 JavaThread "Worker-4"                          [_thread_blocked, id=3396, stack(0x000000a212e00000,0x000000a212f00000) (1024K)]
  0x000001ada12c09e0 JavaThread "Worker-5"                          [_thread_blocked, id=9308, stack(0x000000a213100000,0x000000a213200000) (1024K)]
  0x000001ada12bf630 JavaThread "Worker-6: Java indexing... "        [_thread_blocked, id=13020, stack(0x000000a213200000,0x000000a213300000) (1024K)]
  0x000001ada12bfcc0 JavaThread "Thread-2"                   daemon [_thread_in_native, id=5024, stack(0x000000a213300000,0x000000a213400000) (1024K)]
  0x000001ada12c1070 JavaThread "Thread-3"                   daemon [_thread_in_native, id=9668, stack(0x000000a213400000,0x000000a213500000) (1024K)]
  0x000001ada12c0350 JavaThread "Thread-4"                   daemon [_thread_in_native, id=25100, stack(0x000000a213500000,0x000000a213600000) (1024K)]
  0x000001ada12be280 JavaThread "Thread-5"                   daemon [_thread_in_native, id=6296, stack(0x000000a213600000,0x000000a213700000) (1024K)]
  0x000001ada12befa0 JavaThread "Thread-6"                   daemon [_thread_in_native, id=16604, stack(0x000000a213700000,0x000000a213800000) (1024K)]
  0x000001ada12c1700 JavaThread "Thread-7"                   daemon [_thread_in_native, id=11588, stack(0x000000a213800000,0x000000a213900000) (1024K)]
  0x000001ada2604150 JavaThread "Thread-8"                   daemon [_thread_in_native, id=3620, stack(0x000000a213900000,0x000000a213a00000) (1024K)]
  0x000001ada26068b0 JavaThread "Thread-9"                   daemon [_thread_in_native, id=22868, stack(0x000000a213a00000,0x000000a213b00000) (1024K)]
  0x000001ada2604e70 JavaThread "Thread-10"                  daemon [_thread_in_native, id=4728, stack(0x000000a213b00000,0x000000a213c00000) (1024K)]
  0x000001ada26075d0 JavaThread "Thread-11"                  daemon [_thread_in_native, id=3780, stack(0x000000a213c00000,0x000000a213d00000) (1024K)]
  0x000001ada2605b90 JavaThread "Thread-12"                  daemon [_thread_in_native, id=4640, stack(0x000000a213d00000,0x000000a213e00000) (1024K)]
  0x000001ada2606f40 JavaThread "Thread-13"                  daemon [_thread_in_native, id=19556, stack(0x000000a213e00000,0x000000a213f00000) (1024K)]
  0x000001ada2606220 JavaThread "Thread-14"                  daemon [_thread_in_native, id=3968, stack(0x000000a213f00000,0x000000a214000000) (1024K)]
  0x000001ada2605500 JavaThread "Thread-15"                  daemon [_thread_in_native, id=19560, stack(0x000000a214000000,0x000000a214100000) (1024K)]
  0x000001ada2607c60 JavaThread "Thread-16"                  daemon [_thread_in_native, id=19552, stack(0x000000a214100000,0x000000a214200000) (1024K)]
  0x000001ada26047e0 JavaThread "Thread-17"                  daemon [_thread_in_native, id=19568, stack(0x000000a214200000,0x000000a214300000) (1024K)]
  0x000001ada26082f0 JavaThread "Thread-18"                  daemon [_thread_in_native, id=19564, stack(0x000000a214300000,0x000000a214400000) (1024K)]
  0x000001ada26096a0 JavaThread "pool-2-thread-1"                   [_thread_blocked, id=23128, stack(0x000000a214400000,0x000000a214500000) (1024K)]
  0x000001ada260a3c0 JavaThread "WorkspaceEventsHandler"            [_thread_blocked, id=23816, stack(0x000000a214500000,0x000000a214600000) (1024K)]
  0x000001ada2609010 JavaThread "pool-1-thread-1"                   [_thread_blocked, id=19528, stack(0x000000a214600000,0x000000a214700000) (1024K)]
  0x000001ada2608980 JavaThread "Worker-7"                          [_thread_blocked, id=20256, stack(0x000000a214700000,0x000000a214800000) (1024K)]
  0x000001ada260b0e0 JavaThread "LocalFile Deleter"          daemon [_thread_blocked, id=22796, stack(0x000000a212c00000,0x000000a212d00000) (1024K)]
  0x000001ada00bb340 JavaThread "LocalFile Deleter"          daemon [_thread_blocked, id=10172, stack(0x000000a212d00000,0x000000a212e00000) (1024K)]
  0x000001ad9f40b850 JavaThread "LocalFile Deleter"          daemon [_thread_blocked, id=22180, stack(0x000000a214800000,0x000000a214900000) (1024K)]
  0x000001ad9f40bee0 JavaThread "LocalFile Deleter"          daemon [_thread_blocked, id=8956, stack(0x000000a214900000,0x000000a214a00000) (1024K)]
  0x000001ad9f40c570 JavaThread "LocalFile Deleter"          daemon [_thread_blocked, id=22448, stack(0x000000a214a00000,0x000000a214b00000) (1024K)]
  0x000001ad9f40ab30 JavaThread "LocalFile Deleter"          daemon [_thread_blocked, id=13216, stack(0x000000a214b00000,0x000000a214c00000) (1024K)]
  0x000001ad9f4090f0 JavaThread "LocalFile Deleter"          daemon [_thread_blocked, id=20280, stack(0x000000a214c00000,0x000000a214d00000) (1024K)]
  0x000001ad9f409780 JavaThread "LocalFile Deleter"          daemon [_thread_blocked, id=19308, stack(0x000000a214d00000,0x000000a214e00000) (1024K)]
  0x000001ad9f40b1c0 JavaThread "LocalFile Deleter"          daemon [_thread_blocked, id=22108, stack(0x000000a214e00000,0x000000a214f00000) (1024K)]
  0x000001ad9f40cc00 JavaThread "LocalFile Deleter"          daemon [_thread_blocked, id=9920, stack(0x000000a214f00000,0x000000a215000000) (1024K)]
  0x000001ad9f40d290 JavaThread "LocalFile Deleter"          daemon [_thread_blocked, id=22908, stack(0x000000a215000000,0x000000a215100000) (1024K)]
  0x000001ad9f409e10 JavaThread "LocalFile Deleter"          daemon [_thread_blocked, id=22184, stack(0x000000a215100000,0x000000a215200000) (1024K)]
  0x000001ad9f40d920 JavaThread "LocalFile Deleter"          daemon [_thread_blocked, id=20276, stack(0x000000a215200000,0x000000a215300000) (1024K)]
  0x000001ad9f40a4a0 JavaThread "LocalFile Deleter"          daemon [_thread_blocked, id=19652, stack(0x000000a215300000,0x000000a215400000) (1024K)]
  0x000001ad9f40f360 JavaThread "LocalFile Deleter"          daemon [_thread_blocked, id=18676, stack(0x000000a215400000,0x000000a215500000) (1024K)]
  0x000001ad9f410710 JavaThread "LocalFile Deleter"          daemon [_thread_blocked, id=22684, stack(0x000000a215500000,0x000000a215600000) (1024K)]
  0x000001ad9f40dfb0 JavaThread "Compiler Source File Reader" daemon [_thread_blocked, id=20296, stack(0x000000a215600000,0x000000a215700000) (1024K)]
  0x000001ad9f40f9f0 JavaThread "Compiler Source File Reader" daemon [_thread_blocked, id=23120, stack(0x000000a215700000,0x000000a215800000) (1024K)]
  0x000001ad9f40e640 JavaThread "Compiler Source File Reader" daemon [_thread_blocked, id=23544, stack(0x000000a215800000,0x000000a215900000) (1024K)]
  0x000001ad9f410080 JavaThread "Compiler Source File Reader" daemon [_thread_blocked, id=23176, stack(0x000000a215900000,0x000000a215a00000) (1024K)]
  0x000001ad9f40ecd0 JavaThread "Compiler Source File Reader" daemon [_thread_blocked, id=23016, stack(0x000000a215a00000,0x000000a215b00000) (1024K)]
  0x000001ada28a3280 JavaThread "Compiler Source File Reader" daemon [_thread_blocked, id=23812, stack(0x000000a215b00000,0x000000a215c00000) (1024K)]
  0x000001ada28a5350 JavaThread "Compiler Source File Reader" daemon [_thread_blocked, id=22840, stack(0x000000a215c00000,0x000000a215d00000) (1024K)]
  0x000001ada28a59e0 JavaThread "Compiler Source File Reader" daemon [_thread_blocked, id=3452, stack(0x000000a215d00000,0x000000a215e00000) (1024K)]
  0x000001ada28a4cc0 JavaThread "Compiler Source File Reader" daemon [_thread_blocked, id=20812, stack(0x000000a215e00000,0x000000a215f00000) (1024K)]
  0x000001ada28a3910 JavaThread "Compiler Source File Reader" daemon [_thread_blocked, id=22904, stack(0x000000a215f00000,0x000000a216000000) (1024K)]
  0x000001ada28a2560 JavaThread "Compiler Source File Reader" daemon [_thread_blocked, id=20784, stack(0x000000a216000000,0x000000a216100000) (1024K)]
  0x000001ada28a6070 JavaThread "Compiler Source File Reader" daemon [_thread_blocked, id=18232, stack(0x000000a216100000,0x000000a216200000) (1024K)]
  0x000001ada28a2bf0 JavaThread "Compiler Source File Reader" daemon [_thread_blocked, id=22952, stack(0x000000a216200000,0x000000a216300000) (1024K)]
  0x000001ada28a6700 JavaThread "Compiler Source File Reader" daemon [_thread_blocked, id=23600, stack(0x000000a216300000,0x000000a216400000) (1024K)]
  0x000001ada28a4630 JavaThread "Compiler Processing Task"   daemon [_thread_blocked, id=23608, stack(0x000000a216400000,0x000000a216500000) (1024K)]
  0x000001ada28a87d0 JavaThread "Compiler Class File Writer" daemon [_thread_blocked, id=23876, stack(0x000000a216500000,0x000000a216600000) (1024K)]
  0x000001ada28a7ab0 JavaThread "Compiler Class File Writer" daemon [_thread_blocked, id=22656, stack(0x000000a216600000,0x000000a216700000) (1024K)]
  0x000001ada28a6d90 JavaThread "Compiler Class File Writer" daemon [_thread_blocked, id=22948, stack(0x000000a216700000,0x000000a216800000) (1024K)]
  0x000001ada28a8e60 JavaThread "Compiler Class File Writer" daemon [_thread_blocked, id=19628, stack(0x000000a216800000,0x000000a216900000) (1024K)]
  0x000001ada28a8140 JavaThread "Compiler Class File Writer" daemon [_thread_blocked, id=23140, stack(0x000000a216900000,0x000000a216a00000) (1024K)]
  0x000001ada28a7420 JavaThread "Compiler Class File Writer" daemon [_thread_blocked, id=23052, stack(0x000000a216a00000,0x000000a216b00000) (1024K)]
  0x000001ada28a9b80 JavaThread "Compiler Class File Writer" daemon [_thread_blocked, id=4472, stack(0x000000a216b00000,0x000000a216c00000) (1024K)]
  0x000001adad21b6e0 JavaThread "Compiler Class File Writer" daemon [_thread_blocked, id=18096, stack(0x000000a216c00000,0x000000a216d00000) (1024K)]
  0x000001adad21de40 JavaThread "Compiler Class File Writer" daemon [_thread_blocked, id=14984, stack(0x000000a216d00000,0x000000a216e00000) (1024K)]
  0x000001adad21bd70 JavaThread "Compiler Class File Writer" daemon [_thread_blocked, id=15684, stack(0x000000a216e00000,0x000000a216f00000) (1024K)]
  0x000001adad21f1f0 JavaThread "Compiler Class File Writer" daemon [_thread_blocked, id=16580, stack(0x000000a216f00000,0x000000a217000000) (1024K)]
  0x000001adad21c400 JavaThread "Compiler Class File Writer" daemon [_thread_blocked, id=19464, stack(0x000000a217000000,0x000000a217100000) (1024K)]
  0x000001adad21f880 JavaThread "Compiler Class File Writer" daemon [_thread_blocked, id=1508, stack(0x000000a217100000,0x000000a217200000) (1024K)]
  0x000001adad21eb60 JavaThread "Compiler Class File Writer" daemon [_thread_blocked, id=11156, stack(0x000000a217200000,0x000000a217300000) (1024K)]
  0x000001adad21e4d0 JavaThread "ParallelDescriptorResolver-0-0" daemon [_thread_in_native, id=2444, stack(0x000000a20fe00000,0x000000a20ff00000) (1024K)]
  0x000001adad2205a0 JavaThread "ParallelDescriptorResolver-0-1" daemon [_thread_in_native, id=23124, stack(0x000000a211e00000,0x000000a211f00000) (1024K)]
  0x000001adad21d120 JavaThread "ParallelDescriptorResolver-0-2" daemon [_thread_in_native, id=23076, stack(0x000000a217300000,0x000000a217400000) (1024K)]
  0x000001adad220c30 JavaThread "ParallelDescriptorResolver-0-3" daemon [_thread_in_native, id=15016, stack(0x000000a217400000,0x000000a217500000) (1024K)]
  0x000001adad2212c0 JavaThread "ParallelDescriptorResolver-0-4" daemon [_thread_in_Java, id=11196, stack(0x000000a217500000,0x000000a217600000) (1024K)]
Total: 103

Other Threads:
  0x000001ad3d2a4180 VMThread "VM Thread"                           [id=9224, stack(0x000000a210200000,0x000000a210300000) (1024K)]
  0x000001ad3d37a450 WatcherThread "VM Periodic Task Thread"        [id=7612, stack(0x000000a210100000,0x000000a210200000) (1024K)]
  0x000001ad3d32d5c0 WorkerThread "GC Thread#0"                     [id=22852, stack(0x000000a210000000,0x000000a210100000) (1024K)]
  0x000001ad9f7b0b40 WorkerThread "GC Thread#1"                     [id=24312, stack(0x000000a211100000,0x000000a211200000) (1024K)]
  0x000001ad9f591bc0 WorkerThread "GC Thread#2"                     [id=23272, stack(0x000000a211200000,0x000000a211300000) (1024K)]
  0x000001ad9f7b12f0 WorkerThread "GC Thread#3"                     [id=23284, stack(0x000000a211300000,0x000000a211400000) (1024K)]
  0x000001ad9f9722e0 WorkerThread "GC Thread#4"                     [id=23288, stack(0x000000a211400000,0x000000a211500000) (1024K)]
  0x000001ad9f337230 WorkerThread "GC Thread#5"                     [id=22336, stack(0x000000a211500000,0x000000a211600000) (1024K)]
  0x000001ad9f336010 WorkerThread "GC Thread#6"                     [id=22328, stack(0x000000a211600000,0x000000a211700000) (1024K)]
  0x000001ad9f336750 WorkerThread "GC Thread#7"                     [id=23256, stack(0x000000a211900000,0x000000a211a00000) (1024K)]
  0x000001ad9f336e90 WorkerThread "GC Thread#8"                     [id=13512, stack(0x000000a210e00000,0x000000a210f00000) (1024K)]
  0x000001ad9f3375d0 WorkerThread "GC Thread#9"                     [id=23484, stack(0x000000a211b00000,0x000000a211c00000) (1024K)]
  0x000001ad9f335c70 WorkerThread "GC Thread#10"                    [id=8100, stack(0x000000a211c00000,0x000000a211d00000) (1024K)]
  0x000001ad9f784170 WorkerThread "GC Thread#11"                    [id=3008, stack(0x000000a211f00000,0x000000a212000000) (1024K)]
  0x000001ad9f7848b0 WorkerThread "GC Thread#12"                    [id=9960, stack(0x000000a212400000,0x000000a212500000) (1024K)]
Total: 15

Threads with active compile tasks:
C2 CompilerThread0  31378 10458   !   4       org.eclipse.jdt.internal.core.search.indexing.BinaryIndexer::indexDocument (1168 bytes)
C1 CompilerThread0  31378 10911       3       org.eclipse.osgi.container.ModuleDatabase$Persistence::writeVersion (88 bytes)
C1 CompilerThread1  31378 10916       3       org.apache.maven.model.io.xpp3.MavenXpp3Reader$1::transform (2 bytes)
C1 CompilerThread2  31378 10919       3       org.apache.maven.model.io.xpp3.MavenXpp3Reader::nextTag (64 bytes)
C1 CompilerThread3  31378 10915       3       org.eclipse.osgi.container.ModuleDatabase$Persistence::writeMap (308 bytes)
C2 CompilerThread1  31379 10844       4       java.io.DataOutputStream::writeUTF (389 bytes)
C2 CompilerThread2  31379 10749   !   4       org.codehaus.plexus.interpolation.StringSearchInterpolator::interpolate (668 bytes)
Total: 7

VM state: not at safepoint (normal execution)

VM Mutex/Monitor currently owned by a thread: None

Heap address: 0x0000000080000000, size: 2048 MB, Compressed Oops mode: 32-bit

CDS archive(s) mapped at: [0x000001ad54000000-0x000001ad54ba0000-0x000001ad54ba0000), size 12189696, SharedBaseAddress: 0x000001ad54000000, ArchiveRelocationMode: 1.
Compressed class space mapped at: 0x000001ad55000000-0x000001ad95000000, reserved size: 1073741824
Narrow klass base: 0x000001ad54000000, Narrow klass shift: 0, Narrow klass range: 0x100000000

GC Precious Log:
 CardTable entry size: 512
 CPUs: 16 total, 16 available
 Memory: 16004M
 Large Page Support: Disabled
 NUMA Support: Disabled
 Compressed Oops: Enabled (32-bit)
 Alignments: Space 512K, Generation 512K, Heap 2M
 Heap Min Capacity: 100M
 Heap Initial Capacity: 100M
 Heap Max Capacity: 2G
 Pre-touch: Disabled
 Parallel Workers: 13

Heap:
 PSYoungGen      total 8704K, used 3906K [0x00000000d5580000, 0x00000000d6100000, 0x0000000100000000)
  eden space 7168K, 39% used [0x00000000d5580000,0x00000000d5840aa0,0x00000000d5c80000)
  from space 1536K, 70% used [0x00000000d5f80000,0x00000000d60900c8,0x00000000d6100000)
  to   space 2048K, 0% used [0x00000000d5d00000,0x00000000d5d00000,0x00000000d5f00000)
 ParOldGen       total 203776K, used 203384K [0x0000000080000000, 0x000000008c700000, 0x00000000d5580000)
  object space 203776K, 99% used [0x0000000080000000,0x000000008c69e028,0x000000008c700000)
 Metaspace       used 59379K, committed 60800K, reserved 1114112K
  class space    used 6066K, committed 6656K, reserved 1048576K

Card table byte_map: [0x000001ad3ccb0000,0x000001ad3d0c0000] _byte_map_base: 0x000001ad3c8b0000

Marking Bits: (ParMarkBitMap*) 0x00007ffee0b031f0
 Begin Bits: [0x000001ad4f7b0000, 0x000001ad517b0000)
 End Bits:   [0x000001ad517b0000, 0x000001ad537b0000)

Polling page: 0x000001ad3b0e0000

Metaspace:

Usage:
  Non-class:     52.06 MB used.
      Class:      5.92 MB used.
       Both:     57.99 MB used.

Virtual space:
  Non-class space:       64.00 MB reserved,      52.88 MB ( 83%) committed,  1 nodes.
      Class space:        1.00 GB reserved,       6.50 MB ( <1%) committed,  1 nodes.
             Both:        1.06 GB reserved,      59.38 MB (  5%) committed. 

Chunk freelists:
   Non-Class:  10.98 MB
       Class:  9.41 MB
        Both:  20.40 MB

MaxMetaspaceSize: unlimited
CompressedClassSpaceSize: 1.00 GB
Initial GC threshold: 21.00 MB
Current GC threshold: 97.31 MB
CDS: on
 - commit_granule_bytes: 65536.
 - commit_granule_words: 8192.
 - virtual_space_node_default_size: 8388608.
 - enlarge_chunks_in_place: 1.
 - use_allocation_guard: 0.


Internal statistics:

num_allocs_failed_limit: 13.
num_arena_births: 1132.
num_arena_deaths: 14.
num_vsnodes_births: 2.
num_vsnodes_deaths: 0.
num_space_committed: 950.
num_space_uncommitted: 0.
num_chunks_returned_to_freelist: 27.
num_chunks_taken_from_freelist: 3962.
num_chunk_merges: 13.
num_chunk_splits: 2380.
num_chunks_enlarged: 1268.
num_inconsistent_stats: 0.

CodeHeap 'non-profiled nmethods': size=119168Kb used=7310Kb max_used=7310Kb free=111857Kb
 bounds [0x000001ad480a0000, 0x000001ad487d0000, 0x000001ad4f500000]
CodeHeap 'profiled nmethods': size=119104Kb used=22890Kb max_used=22890Kb free=96213Kb
 bounds [0x000001ad40500000, 0x000001ad41b60000, 0x000001ad47950000]
CodeHeap 'non-nmethods': size=7488Kb used=3124Kb max_used=3209Kb free=4363Kb
 bounds [0x000001ad47950000, 0x000001ad47c80000, 0x000001ad480a0000]
 total_blobs=10769 nmethods=10039 adapters=631
 compilation: enabled
              stopped_count=0, restarted_count=0
 full_count=0

Compilation events (20 events):
Event: 30.259 Thread 0x000001ad9fcd7740 nmethod 10758 0x000001ad487be390 code [0x000001ad487be520, 0x000001ad487be8b8]
Event: 30.259 Thread 0x000001ad9fcd7740 10809       4       java.util.Collections::emptySet (4 bytes)
Event: 30.259 Thread 0x000001ad9fcd7740 nmethod 10809 0x000001ad487be990 code [0x000001ad487beb20, 0x000001ad487beb90]
Event: 30.259 Thread 0x000001ad9fcd7740 10788       4       java.util.stream.Sink$ChainedReference::end (10 bytes)
Event: 30.260 Thread 0x000001ad9fcd7740 nmethod 10788 0x000001ad487bec90 code [0x000001ad487bee20, 0x000001ad487beed0]
Event: 30.260 Thread 0x000001ad9fcd7740 10811       4       java.util.Collections$UnmodifiableCollection::contains (11 bytes)
Event: 30.263 Thread 0x000001ad9fcd7740 nmethod 10811 0x000001ad487bef90 code [0x000001ad487bf120, 0x000001ad487bf290]
Event: 30.263 Thread 0x000001ad9fcd7740 10810       4       java.util.Collection::stream (11 bytes)
Event: 30.268 Thread 0x000001ad9fcd7740 nmethod 10810 0x000001ad487bf410 code [0x000001ad487bf5c0, 0x000001ad487bf838]
Event: 30.268 Thread 0x000001ad9fcd7740 10817       4       java.util.ArrayList::spliterator (12 bytes)
Event: 30.269 Thread 0x000001ad9fcd7740 nmethod 10817 0x000001ad487bfa90 code [0x000001ad487bfc20, 0x000001ad487bfd20]
Event: 30.269 Thread 0x000001ad9fcd7740 10818       4       java.util.stream.ReferencePipeline::map (26 bytes)
Event: 30.272 Thread 0x000001ad9fcd7740 nmethod 10818 0x000001ad487bfe10 code [0x000001ad487bffa0, 0x000001ad487c0158]
Event: 30.272 Thread 0x000001ad9fcd7740 10819       4       java.util.stream.AbstractPipeline::evaluate (94 bytes)
Event: 30.274 Thread 0x000001ad9fcd7740 nmethod 10819 0x000001ad487c0310 code [0x000001ad487c04c0, 0x000001ad487c06c0]
Event: 30.278 Thread 0x000001ad9fcd7740 10836       4       java.util.regex.Pattern$Node::match (27 bytes)
Event: 30.278 Thread 0x000001ad9609eb30 10837  s    3       java.util.Properties::putAll (9 bytes)
Event: 30.278 Thread 0x000001ad9609eb30 nmethod 10837 0x000001ad41b2ee10 code [0x000001ad41b2efc0, 0x000001ad41b2f250]
Event: 30.279 Thread 0x000001ad9fcd7740 nmethod 10836 0x000001ad487c0910 code [0x000001ad487c0aa0, 0x000001ad487c0b90]
Event: 30.288 Thread 0x000001ad9fcd7740 10838       4       java.util.concurrent.locks.ReentrantReadWriteLock$ReadLock::unlock (10 bytes)

GC Heap History (20 events):
Event: 29.945 GC heap before
{Heap before GC invocations=109 (full 3):
 PSYoungGen      total 7680K, used 7525K [0x00000000d5580000, 0x00000000d5e80000, 0x0000000100000000)
  eden space 6144K, 100% used [0x00000000d5580000,0x00000000d5b80000,0x00000000d5b80000)
  from space 1536K, 89% used [0x00000000d5b80000,0x00000000d5cd97b8,0x00000000d5d00000)
  to   space 1536K, 0% used [0x00000000d5d00000,0x00000000d5d00000,0x00000000d5e80000)
 ParOldGen       total 191488K, used 191397K [0x0000000080000000, 0x000000008bb00000, 0x00000000d5580000)
  object space 191488K, 99% used [0x0000000080000000,0x000000008bae9480,0x000000008bb00000)
 Metaspace       used 58865K, committed 60224K, reserved 1114112K
  class space    used 6018K, committed 6592K, reserved 1048576K
}
Event: 29.947 GC heap after
{Heap after GC invocations=109 (full 3):
 PSYoungGen      total 7680K, used 1506K [0x00000000d5580000, 0x00000000d5e80000, 0x0000000100000000)
  eden space 6144K, 0% used [0x00000000d5580000,0x00000000d5580000,0x00000000d5b80000)
  from space 1536K, 98% used [0x00000000d5d00000,0x00000000d5e78aa0,0x00000000d5e80000)
  to   space 1536K, 0% used [0x00000000d5b80000,0x00000000d5b80000,0x00000000d5d00000)
 ParOldGen       total 193024K, used 192558K [0x0000000080000000, 0x000000008bc80000, 0x00000000d5580000)
  object space 193024K, 99% used [0x0000000080000000,0x000000008bc0b8a0,0x000000008bc80000)
 Metaspace       used 58865K, committed 60224K, reserved 1114112K
  class space    used 6018K, committed 6592K, reserved 1048576K
}
Event: 30.002 GC heap before
{Heap before GC invocations=110 (full 3):
 PSYoungGen      total 7680K, used 7650K [0x00000000d5580000, 0x00000000d5e80000, 0x0000000100000000)
  eden space 6144K, 100% used [0x00000000d5580000,0x00000000d5b80000,0x00000000d5b80000)
  from space 1536K, 98% used [0x00000000d5d00000,0x00000000d5e78aa0,0x00000000d5e80000)
  to   space 1536K, 0% used [0x00000000d5b80000,0x00000000d5b80000,0x00000000d5d00000)
 ParOldGen       total 193024K, used 192558K [0x0000000080000000, 0x000000008bc80000, 0x00000000d5580000)
  object space 193024K, 99% used [0x0000000080000000,0x000000008bc0b8a0,0x000000008bc80000)
 Metaspace       used 58887K, committed 60224K, reserved 1114112K
  class space    used 6019K, committed 6592K, reserved 1048576K
}
Event: 30.004 GC heap after
{Heap after GC invocations=110 (full 3):
 PSYoungGen      total 7680K, used 1026K [0x00000000d5580000, 0x00000000d5e80000, 0x0000000100000000)
  eden space 6144K, 0% used [0x00000000d5580000,0x00000000d5580000,0x00000000d5b80000)
  from space 1536K, 66% used [0x00000000d5b80000,0x00000000d5c80b48,0x00000000d5d00000)
  to   space 1536K, 0% used [0x00000000d5d00000,0x00000000d5d00000,0x00000000d5e80000)
 ParOldGen       total 194048K, used 193924K [0x0000000080000000, 0x000000008bd80000, 0x00000000d5580000)
  object space 194048K, 99% used [0x0000000080000000,0x000000008bd61250,0x000000008bd80000)
 Metaspace       used 58887K, committed 60224K, reserved 1114112K
  class space    used 6019K, committed 6592K, reserved 1048576K
}
Event: 30.036 GC heap before
{Heap before GC invocations=111 (full 3):
 PSYoungGen      total 7680K, used 7170K [0x00000000d5580000, 0x00000000d5e80000, 0x0000000100000000)
  eden space 6144K, 100% used [0x00000000d5580000,0x00000000d5b80000,0x00000000d5b80000)
  from space 1536K, 66% used [0x00000000d5b80000,0x00000000d5c80b48,0x00000000d5d00000)
  to   space 1536K, 0% used [0x00000000d5d00000,0x00000000d5d00000,0x00000000d5e80000)
 ParOldGen       total 194048K, used 193924K [0x0000000080000000, 0x000000008bd80000, 0x00000000d5580000)
  object space 194048K, 99% used [0x0000000080000000,0x000000008bd61250,0x000000008bd80000)
 Metaspace       used 58904K, committed 60224K, reserved 1114112K
  class space    used 6019K, committed 6592K, reserved 1048576K
}
Event: 30.037 GC heap after
{Heap after GC invocations=111 (full 3):
 PSYoungGen      total 7168K, used 1483K [0x00000000d5580000, 0x00000000d5f80000, 0x0000000100000000)
  eden space 5632K, 0% used [0x00000000d5580000,0x00000000d5580000,0x00000000d5b00000)
  from space 1536K, 96% used [0x00000000d5d00000,0x00000000d5e72d78,0x00000000d5e80000)
  to   space 2048K, 0% used [0x00000000d5b00000,0x00000000d5b00000,0x00000000d5d00000)
 ParOldGen       total 195072K, used 194792K [0x0000000080000000, 0x000000008be80000, 0x00000000d5580000)
  object space 195072K, 99% used [0x0000000080000000,0x000000008be3a3c0,0x000000008be80000)
 Metaspace       used 58904K, committed 60224K, reserved 1114112K
  class space    used 6019K, committed 6592K, reserved 1048576K
}
Event: 30.090 GC heap before
{Heap before GC invocations=112 (full 3):
 PSYoungGen      total 7168K, used 7115K [0x00000000d5580000, 0x00000000d5f80000, 0x0000000100000000)
  eden space 5632K, 100% used [0x00000000d5580000,0x00000000d5b00000,0x00000000d5b00000)
  from space 1536K, 96% used [0x00000000d5d00000,0x00000000d5e72d78,0x00000000d5e80000)
  to   space 2048K, 0% used [0x00000000d5b00000,0x00000000d5b00000,0x00000000d5d00000)
 ParOldGen       total 195072K, used 194792K [0x0000000080000000, 0x000000008be80000, 0x00000000d5580000)
  object space 195072K, 99% used [0x0000000080000000,0x000000008be3a3c0,0x000000008be80000)
 Metaspace       used 58941K, committed 60288K, reserved 1114112K
  class space    used 6019K, committed 6592K, reserved 1048576K
}
Event: 30.092 GC heap after
{Heap after GC invocations=112 (full 3):
 PSYoungGen      total 6656K, used 945K [0x00000000d5580000, 0x00000000d5e00000, 0x0000000100000000)
  eden space 5632K, 0% used [0x00000000d5580000,0x00000000d5580000,0x00000000d5b00000)
  from space 1024K, 92% used [0x00000000d5b00000,0x00000000d5bec5d8,0x00000000d5c00000)
  to   space 1536K, 0% used [0x00000000d5c80000,0x00000000d5c80000,0x00000000d5e00000)
 ParOldGen       total 196096K, used 196017K [0x0000000080000000, 0x000000008bf80000, 0x00000000d5580000)
  object space 196096K, 99% used [0x0000000080000000,0x000000008bf6c668,0x000000008bf80000)
 Metaspace       used 58941K, committed 60288K, reserved 1114112K
  class space    used 6019K, committed 6592K, reserved 1048576K
}
Event: 30.122 GC heap before
{Heap before GC invocations=113 (full 3):
 PSYoungGen      total 6656K, used 6577K [0x00000000d5580000, 0x00000000d5e00000, 0x0000000100000000)
  eden space 5632K, 100% used [0x00000000d5580000,0x00000000d5b00000,0x00000000d5b00000)
  from space 1024K, 92% used [0x00000000d5b00000,0x00000000d5bec5d8,0x00000000d5c00000)
  to   space 1536K, 0% used [0x00000000d5c80000,0x00000000d5c80000,0x00000000d5e00000)
 ParOldGen       total 196096K, used 196017K [0x0000000080000000, 0x000000008bf80000, 0x00000000d5580000)
  object space 196096K, 99% used [0x0000000080000000,0x000000008bf6c668,0x000000008bf80000)
 Metaspace       used 58978K, committed 60352K, reserved 1114112K
  class space    used 6019K, committed 6592K, reserved 1048576K
}
Event: 30.123 GC heap after
{Heap after GC invocations=113 (full 3):
 PSYoungGen      total 7168K, used 1182K [0x00000000d5580000, 0x00000000d5e00000, 0x0000000100000000)
  eden space 5632K, 0% used [0x00000000d5580000,0x00000000d5580000,0x00000000d5b00000)
  from space 1536K, 76% used [0x00000000d5c80000,0x00000000d5da7a80,0x00000000d5e00000)
  to   space 1536K, 0% used [0x00000000d5b00000,0x00000000d5b00000,0x00000000d5c80000)
 ParOldGen       total 197120K, used 196777K [0x0000000080000000, 0x000000008c080000, 0x00000000d5580000)
  object space 197120K, 99% used [0x0000000080000000,0x000000008c02a7e8,0x000000008c080000)
 Metaspace       used 58978K, committed 60352K, reserved 1114112K
  class space    used 6019K, committed 6592K, reserved 1048576K
}
Event: 30.150 GC heap before
{Heap before GC invocations=114 (full 3):
 PSYoungGen      total 7168K, used 6814K [0x00000000d5580000, 0x00000000d5e00000, 0x0000000100000000)
  eden space 5632K, 100% used [0x00000000d5580000,0x00000000d5b00000,0x00000000d5b00000)
  from space 1536K, 76% used [0x00000000d5c80000,0x00000000d5da7a80,0x00000000d5e00000)
  to   space 1536K, 0% used [0x00000000d5b00000,0x00000000d5b00000,0x00000000d5c80000)
 ParOldGen       total 197120K, used 196777K [0x0000000080000000, 0x000000008c080000, 0x00000000d5580000)
  object space 197120K, 99% used [0x0000000080000000,0x000000008c02a7e8,0x000000008c080000)
 Metaspace       used 58984K, committed 60352K, reserved 1114112K
  class space    used 6019K, committed 6592K, reserved 1048576K
}
Event: 30.152 GC heap after
{Heap after GC invocations=114 (full 3):
 PSYoungGen      total 7168K, used 1192K [0x00000000d5580000, 0x00000000d5e00000, 0x0000000100000000)
  eden space 5632K, 0% used [0x00000000d5580000,0x00000000d5580000,0x00000000d5b00000)
  from space 1536K, 77% used [0x00000000d5b00000,0x00000000d5c2a238,0x00000000d5c80000)
  to   space 1536K, 0% used [0x00000000d5c80000,0x00000000d5c80000,0x00000000d5e00000)
 ParOldGen       total 198144K, used 197773K [0x0000000080000000, 0x000000008c180000, 0x00000000d5580000)
  object space 198144K, 99% used [0x0000000080000000,0x000000008c123588,0x000000008c180000)
 Metaspace       used 58984K, committed 60352K, reserved 1114112K
  class space    used 6019K, committed 6592K, reserved 1048576K
}
Event: 30.183 GC heap before
{Heap before GC invocations=115 (full 3):
 PSYoungGen      total 7168K, used 6824K [0x00000000d5580000, 0x00000000d5e00000, 0x0000000100000000)
  eden space 5632K, 100% used [0x00000000d5580000,0x00000000d5b00000,0x00000000d5b00000)
  from space 1536K, 77% used [0x00000000d5b00000,0x00000000d5c2a238,0x00000000d5c80000)
  to   space 1536K, 0% used [0x00000000d5c80000,0x00000000d5c80000,0x00000000d5e00000)
 ParOldGen       total 198144K, used 197773K [0x0000000080000000, 0x000000008c180000, 0x00000000d5580000)
  object space 198144K, 99% used [0x0000000080000000,0x000000008c123588,0x000000008c180000)
 Metaspace       used 59015K, committed 60416K, reserved 1114112K
  class space    used 6021K, committed 6592K, reserved 1048576K
}
Event: 30.185 GC heap after
{Heap after GC invocations=115 (full 3):
 PSYoungGen      total 7168K, used 1275K [0x00000000d5580000, 0x00000000d5e00000, 0x0000000100000000)
  eden space 5632K, 0% used [0x00000000d5580000,0x00000000d5580000,0x00000000d5b00000)
  from space 1536K, 83% used [0x00000000d5c80000,0x00000000d5dbeca0,0x00000000d5e00000)
  to   space 1536K, 0% used [0x00000000d5b00000,0x00000000d5b00000,0x00000000d5c80000)
 ParOldGen       total 199168K, used 198855K [0x0000000080000000, 0x000000008c280000, 0x00000000d5580000)
  object space 199168K, 99% used [0x0000000080000000,0x000000008c231d30,0x000000008c280000)
 Metaspace       used 59015K, committed 60416K, reserved 1114112K
  class space    used 6021K, committed 6592K, reserved 1048576K
}
Event: 30.213 GC heap before
{Heap before GC invocations=116 (full 3):
 PSYoungGen      total 7168K, used 6907K [0x00000000d5580000, 0x00000000d5e00000, 0x0000000100000000)
  eden space 5632K, 100% used [0x00000000d5580000,0x00000000d5b00000,0x00000000d5b00000)
  from space 1536K, 83% used [0x00000000d5c80000,0x00000000d5dbeca0,0x00000000d5e00000)
  to   space 1536K, 0% used [0x00000000d5b00000,0x00000000d5b00000,0x00000000d5c80000)
 ParOldGen       total 199168K, used 198855K [0x0000000080000000, 0x000000008c280000, 0x00000000d5580000)
  object space 199168K, 99% used [0x0000000080000000,0x000000008c231d30,0x000000008c280000)
 Metaspace       used 59103K, committed 60480K, reserved 1114112K
  class space    used 6031K, committed 6592K, reserved 1048576K
}
Event: 30.215 GC heap after
{Heap after GC invocations=116 (full 3):
 PSYoungGen      total 7168K, used 1018K [0x00000000d5580000, 0x00000000d5e00000, 0x0000000100000000)
  eden space 5632K, 0% used [0x00000000d5580000,0x00000000d5580000,0x00000000d5b00000)
  from space 1536K, 66% used [0x00000000d5b00000,0x00000000d5bfeb38,0x00000000d5c80000)
  to   space 1536K, 0% used [0x00000000d5c80000,0x00000000d5c80000,0x00000000d5e00000)
 ParOldGen       total 200192K, used 199925K [0x0000000080000000, 0x000000008c380000, 0x00000000d5580000)
  object space 200192K, 99% used [0x0000000080000000,0x000000008c33d488,0x000000008c380000)
 Metaspace       used 59103K, committed 60480K, reserved 1114112K
  class space    used 6031K, committed 6592K, reserved 1048576K
}
Event: 30.289 GC heap before
{Heap before GC invocations=117 (full 3):
 PSYoungGen      total 7168K, used 6618K [0x00000000d5580000, 0x00000000d5e00000, 0x0000000100000000)
  eden space 5632K, 99% used [0x00000000d5580000,0x00000000d5af7d88,0x00000000d5b00000)
  from space 1536K, 66% used [0x00000000d5b00000,0x00000000d5bfeb38,0x00000000d5c80000)
  to   space 1536K, 0% used [0x00000000d5c80000,0x00000000d5c80000,0x00000000d5e00000)
 ParOldGen       total 200192K, used 199925K [0x0000000080000000, 0x000000008c380000, 0x00000000d5580000)
  object space 200192K, 99% used [0x0000000080000000,0x000000008c33d488,0x000000008c380000)
 Metaspace       used 59210K, committed 60608K, reserved 1114112K
  class space    used 6049K, committed 6656K, reserved 1048576K
}
Event: 30.291 GC heap after
{Heap after GC invocations=117 (full 3):
 PSYoungGen      total 7168K, used 1456K [0x00000000d5580000, 0x00000000d5e00000, 0x0000000100000000)
  eden space 5632K, 0% used [0x00000000d5580000,0x00000000d5580000,0x00000000d5b00000)
  from space 1536K, 94% used [0x00000000d5c80000,0x00000000d5dec3c0,0x00000000d5e00000)
  to   space 1536K, 0% used [0x00000000d5b00000,0x00000000d5b00000,0x00000000d5c80000)
 ParOldGen       total 201216K, used 200732K [0x0000000080000000, 0x000000008c480000, 0x00000000d5580000)
  object space 201216K, 99% used [0x0000000080000000,0x000000008c407330,0x000000008c480000)
 Metaspace       used 59210K, committed 60608K, reserved 1114112K
  class space    used 6049K, committed 6656K, reserved 1048576K
}
Event: 30.311 GC heap before
{Heap before GC invocations=118 (full 3):
 PSYoungGen      total 7168K, used 7088K [0x00000000d5580000, 0x00000000d5e00000, 0x0000000100000000)
  eden space 5632K, 100% used [0x00000000d5580000,0x00000000d5b00000,0x00000000d5b00000)
  from space 1536K, 94% used [0x00000000d5c80000,0x00000000d5dec3c0,0x00000000d5e00000)
  to   space 1536K, 0% used [0x00000000d5b00000,0x00000000d5b00000,0x00000000d5c80000)
 ParOldGen       total 201216K, used 200732K [0x0000000080000000, 0x000000008c480000, 0x00000000d5580000)
  object space 201216K, 99% used [0x0000000080000000,0x000000008c407330,0x000000008c480000)
 Metaspace       used 59210K, committed 60608K, reserved 1114112K
  class space    used 6049K, committed 6656K, reserved 1048576K
}
Event: 31.304 GC heap after
{Heap after GC invocations=118 (full 3):
 PSYoungGen      total 7168K, used 1529K [0x00000000d5580000, 0x00000000d6280000, 0x0000000100000000)
  eden space 5632K, 0% used [0x00000000d5580000,0x00000000d5580000,0x00000000d5b00000)
  from space 1536K, 99% used [0x00000000d5b00000,0x00000000d5c7e4d0,0x00000000d5c80000)
  to   space 3072K, 0% used [0x00000000d5f80000,0x00000000d5f80000,0x00000000d6280000)
 ParOldGen       total 202240K, used 202019K [0x0000000080000000, 0x000000008c580000, 0x00000000d5580000)
  object space 202240K, 99% used [0x0000000080000000,0x000000008c548e50,0x000000008c580000)
 Metaspace       used 59210K, committed 60608K, reserved 1114112K
  class space    used 6049K, committed 6656K, reserved 1048576K
}

Dll operation events (10 events):
Event: 0.009 Loaded shared library c:\Users\phát\.vscode\extensions\redhat.java-1.43.0-win32-x64\jre\21.0.7-win32-x86_64\bin\java.dll
Event: 0.031 Loaded shared library c:\Users\phát\.vscode\extensions\redhat.java-1.43.0-win32-x64\jre\21.0.7-win32-x86_64\bin\zip.dll
Event: 0.076 Loaded shared library C:\Users\phát\.vscode\extensions\redhat.java-1.43.0-win32-x64\jre\21.0.7-win32-x86_64\bin\instrument.dll
Event: 0.080 Loaded shared library C:\Users\phát\.vscode\extensions\redhat.java-1.43.0-win32-x64\jre\21.0.7-win32-x86_64\bin\net.dll
Event: 0.081 Loaded shared library C:\Users\phát\.vscode\extensions\redhat.java-1.43.0-win32-x64\jre\21.0.7-win32-x86_64\bin\nio.dll
Event: 0.083 Loaded shared library C:\Users\phát\.vscode\extensions\redhat.java-1.43.0-win32-x64\jre\21.0.7-win32-x86_64\bin\zip.dll
Event: 0.096 Loaded shared library C:\Users\phát\.vscode\extensions\redhat.java-1.43.0-win32-x64\jre\21.0.7-win32-x86_64\bin\jimage.dll
Event: 0.153 Loaded shared library c:\Users\phát\.vscode\extensions\redhat.java-1.43.0-win32-x64\jre\21.0.7-win32-x86_64\bin\verify.dll
Event: 5.824 Loaded shared library C:\Users\phát\AppData\Roaming\Code\User\globalStorage\redhat.java\1.43.0\config_win\org.eclipse.equinox.launcher\org.eclipse.equinox.launcher.win32.win32.x86_64_1.2.1300.v20250331-1702\eclipse_11911.dll
Event: 18.028 Loaded shared library C:\Users\phát\AppData\Local\Temp\jna-3443627\jna12456954327843806669.dll

Deoptimization events (20 events):
Event: 30.226 Thread 0x000001ada00bb9d0 Uncommon trap: trap_request=0xffffff45 fr.pc=0x000001ad4864615c relative=0x000000000000029c
Event: 30.226 Thread 0x000001ada00bb9d0 Uncommon trap: reason=unstable_if action=reinterpret pc=0x000001ad4864615c method=java.util.HashMap.getNode(Ljava/lang/Object;)Ljava/util/HashMap$Node; @ 131 c2
Event: 30.227 Thread 0x000001ada00bb9d0 DEOPT PACKING pc=0x000001ad4864615c sp=0x000000a2127fd9b0
Event: 30.227 Thread 0x000001ada00bb9d0 DEOPT UNPACKING pc=0x000001ad479a3aa2 sp=0x000000a2127fd930 mode 2
Event: 30.227 Thread 0x000001ada00bb9d0 Uncommon trap: trap_request=0xffffff45 fr.pc=0x000001ad486499d8 relative=0x0000000000000738
Event: 30.227 Thread 0x000001ada00bb9d0 Uncommon trap: reason=unstable_if action=reinterpret pc=0x000001ad486499d8 method=java.util.HashMap.putVal(ILjava/lang/Object;Ljava/lang/Object;ZZ)Ljava/lang/Object; @ 206 c2
Event: 30.227 Thread 0x000001ada00bb9d0 DEOPT PACKING pc=0x000001ad486499d8 sp=0x000000a2127fd9e0
Event: 30.227 Thread 0x000001ada00bb9d0 DEOPT UNPACKING pc=0x000001ad479a3aa2 sp=0x000000a2127fd900 mode 2
Event: 30.228 Thread 0x000001ada00bb9d0 Uncommon trap: trap_request=0xffffff45 fr.pc=0x000001ad48645374 relative=0x00000000000005f4
Event: 30.228 Thread 0x000001ada00bb9d0 Uncommon trap: reason=unstable_if action=reinterpret pc=0x000001ad48645374 method=java.util.HashMap.putVal(ILjava/lang/Object;Ljava/lang/Object;ZZ)Ljava/lang/Object; @ 206 c2
Event: 30.228 Thread 0x000001ada00bb9d0 DEOPT PACKING pc=0x000001ad48645374 sp=0x000000a2127fd950
Event: 30.228 Thread 0x000001ada00bb9d0 DEOPT UNPACKING pc=0x000001ad479a3aa2 sp=0x000000a2127fd8c8 mode 2
Event: 30.237 Thread 0x000001adad2205a0 Uncommon trap: trap_request=0xffffffde fr.pc=0x000001ad487549d8 relative=0x0000000000000b58
Event: 30.237 Thread 0x000001adad2205a0 Uncommon trap: reason=class_check action=maybe_recompile pc=0x000001ad487549d8 method=java.util.concurrent.ConcurrentHashMap.putVal(Ljava/lang/Object;Ljava/lang/Object;Z)Ljava/lang/Object; @ 242 c2
Event: 30.237 Thread 0x000001adad2205a0 DEOPT PACKING pc=0x000001ad487549d8 sp=0x000000a211efe060
Event: 30.237 Thread 0x000001adad2205a0 DEOPT UNPACKING pc=0x000001ad479a3aa2 sp=0x000000a211efdfd0 mode 2
Event: 30.237 Thread 0x000001adad21d120 Uncommon trap: trap_request=0xffffffde fr.pc=0x000001ad487549d8 relative=0x0000000000000b58
Event: 30.237 Thread 0x000001adad21d120 Uncommon trap: reason=class_check action=maybe_recompile pc=0x000001ad487549d8 method=java.util.concurrent.ConcurrentHashMap.putVal(Ljava/lang/Object;Ljava/lang/Object;Z)Ljava/lang/Object; @ 242 c2
Event: 30.237 Thread 0x000001adad21d120 DEOPT PACKING pc=0x000001ad487549d8 sp=0x000000a2173fda20
Event: 30.237 Thread 0x000001adad21d120 DEOPT UNPACKING pc=0x000001ad479a3aa2 sp=0x000000a2173fd990 mode 2

Classes loaded (20 events):
Event: 26.200 Loading class java/nio/file/Files$2
Event: 26.200 Loading class java/nio/file/Files$2 done
Event: 26.366 Loading class java/util/concurrent/ArrayBlockingQueue
Event: 26.367 Loading class java/util/concurrent/ArrayBlockingQueue done
Event: 26.485 Loading class java/util/Hashtable$ValueCollection
Event: 26.485 Loading class java/util/Hashtable$ValueCollection done
Event: 26.488 Loading class java/util/concurrent/ConcurrentHashMap$KeySpliterator
Event: 26.488 Loading class java/util/concurrent/ConcurrentHashMap$KeySpliterator done
Event: 26.495 Loading class sun/nio/ch/ChannelOutputStream
Event: 26.495 Loading class sun/nio/ch/ChannelOutputStream done
Event: 26.815 Loading class java/util/stream/ReferencePipeline$4
Event: 26.815 Loading class java/util/stream/ReferencePipeline$4 done
Event: 26.816 Loading class java/util/stream/Nodes$IntFixedNodeBuilder
Event: 26.817 Loading class java/util/stream/Node$Builder$OfInt
Event: 26.817 Loading class java/util/stream/Node$Builder$OfInt done
Event: 26.817 Loading class java/util/stream/Nodes$IntArrayNode
Event: 26.817 Loading class java/util/stream/Nodes$IntArrayNode done
Event: 26.817 Loading class java/util/stream/Nodes$IntFixedNodeBuilder done
Event: 26.818 Loading class java/util/stream/ReferencePipeline$4$1
Event: 26.818 Loading class java/util/stream/ReferencePipeline$4$1 done

Classes unloaded (7 events):
Event: 18.844 Thread 0x000001ad3d2a4180 Unloading class 0x000001ad55199c00 'java/lang/invoke/LambdaForm$MH+0x000001ad55199c00'
Event: 18.844 Thread 0x000001ad3d2a4180 Unloading class 0x000001ad55199800 'java/lang/invoke/LambdaForm$MH+0x000001ad55199800'
Event: 18.844 Thread 0x000001ad3d2a4180 Unloading class 0x000001ad55199400 'java/lang/invoke/LambdaForm$MH+0x000001ad55199400'
Event: 18.844 Thread 0x000001ad3d2a4180 Unloading class 0x000001ad55199000 'java/lang/invoke/LambdaForm$MH+0x000001ad55199000'
Event: 18.844 Thread 0x000001ad3d2a4180 Unloading class 0x000001ad55198c00 'java/lang/invoke/LambdaForm$BMH+0x000001ad55198c00'
Event: 18.844 Thread 0x000001ad3d2a4180 Unloading class 0x000001ad55198800 'java/lang/invoke/LambdaForm$DMH+0x000001ad55198800'
Event: 18.844 Thread 0x000001ad3d2a4180 Unloading class 0x000001ad55193800 'java/lang/invoke/LambdaForm$DMH+0x000001ad55193800'

Classes redefined (0 events):
No events

Internal exceptions (20 events):
Event: 25.173 Thread 0x000001ad9f40b850 Exception <a 'sun/nio/fs/WindowsException'{0x00000000d5f6fbb0}> (0x00000000d5f6fbb0) 
thrown [s\src\hotspot\share\prims\jni.cpp, line 520]
Event: 25.174 Thread 0x000001ad9f40c570 Exception <a 'sun/nio/fs/WindowsException'{0x00000000d5f7ed98}> (0x00000000d5f7ed98) 
thrown [s\src\hotspot\share\prims\jni.cpp, line 520]
Event: 25.174 Thread 0x000001ad9f40b850 Exception <a 'sun/nio/fs/WindowsException'{0x00000000d5f71720}> (0x00000000d5f71720) 
thrown [s\src\hotspot\share\prims\jni.cpp, line 520]
Event: 25.174 Thread 0x000001ad9f40ab30 Exception <a 'sun/nio/fs/WindowsException'{0x00000000d5f86448}> (0x00000000d5f86448) 
thrown [s\src\hotspot\share\prims\jni.cpp, line 520]
Event: 25.175 Thread 0x000001ad9f409780 Exception <a 'sun/nio/fs/WindowsException'{0x00000000d5f958b0}> (0x00000000d5f958b0) 
thrown [s\src\hotspot\share\prims\jni.cpp, line 520]
Event: 25.175 Thread 0x000001ad9f4090f0 Exception <a 'sun/nio/fs/WindowsException'{0x00000000d5f8e538}> (0x00000000d5f8e538) 
thrown [s\src\hotspot\share\prims\jni.cpp, line 520]
Event: 25.492 Thread 0x000001ada00b9f90 Implicit null exception at 0x000001ad484ccd5a to 0x000001ad484cce58
Event: 26.202 Thread 0x000001ada00bb9d0 Exception <a 'java/lang/NoSuchMethodError'{0x00000000d56314b0}: 'int java.lang.invoke.DirectMethodHandle$Holder.invokeSpecialIFC(java.lang.Object, java.lang.Object, java.lang.Object)'> (0x00000000d56314b0) 
thrown [s\src\hotspot\share\interpreter\linkResolver.cpp, line 773]
Event: 26.456 Thread 0x000001ada28a4630 Exception <a 'java/lang/NoSuchMethodError'{0x00000000d5709c60}: 'void java.lang.invoke.DirectMethodHandle$Holder.invokeStatic(java.lang.Object, int, java.lang.Object)'> (0x00000000d5709c60) 
thrown [s\src\hotspot\share\interpreter\linkResolver.cpp, line 773]
Event: 26.491 Thread 0x000001ada00bb9d0 Exception <a 'java/lang/NoSuchMethodError'{0x00000000d5a6c630}: 'java.lang.Object java.lang.invoke.DirectMethodHandle$Holder.newInvokeSpecial(java.lang.Object, java.lang.Object, int, int, java.lang.Object)'> (0x00000000d5a6c630) 
thrown [s\src\hotspot\share\interpreter\linkResolver.cpp, line 773]
Event: 26.516 Thread 0x000001ada00b9f90 Implicit null exception at 0x000001ad485bb6e1 to 0x000001ad485c2420
Event: 26.941 Thread 0x000001ada28a4630 Implicit null exception at 0x000001ad484c43cf to 0x000001ad484c4538
Event: 27.107 Thread 0x000001ada00bb9d0 Exception <a 'sun/nio/fs/WindowsException'{0x00000000d60764c8}> (0x00000000d60764c8) 
thrown [s\src\hotspot\share\prims\jni.cpp, line 520]
Event: 27.107 Thread 0x000001ada260b0e0 Exception <a 'sun/nio/fs/WindowsException'{0x00000000d609de60}> (0x00000000d609de60) 
thrown [s\src\hotspot\share\prims\jni.cpp, line 520]
Event: 27.108 Thread 0x000001ad9f40b850 Exception <a 'sun/nio/fs/WindowsException'{0x00000000d60c9ab8}> (0x00000000d60c9ab8) 
thrown [s\src\hotspot\share\prims\jni.cpp, line 520]
Event: 27.197 Thread 0x000001ada00bb9d0 Exception <a 'sun/nio/fs/WindowsException'{0x00000000d5d89258}> (0x00000000d5d89258) 
thrown [s\src\hotspot\share\prims\jni.cpp, line 520]
Event: 27.197 Thread 0x000001ada00bb9d0 Exception <a 'sun/nio/fs/WindowsException'{0x00000000d5d89888}> (0x00000000d5d89888) 
thrown [s\src\hotspot\share\prims\jni.cpp, line 520]
Event: 27.663 Thread 0x000001ada00bb9d0 Exception <a 'java/lang/NoSuchMethodError'{0x00000000d5df4ef0}: 'void java.lang.invoke.DirectMethodHandle$Holder.invokeStatic(java.lang.Object, java.lang.Object, java.lang.Object, int)'> (0x00000000d5df4ef0) 
thrown [s\src\hotspot\share\interpreter\linkResolver.cpp, line 773]
Event: 27.693 Thread 0x000001ada00bb9d0 Exception <a 'java/lang/NoSuchMethodError'{0x00000000d5f8adf8}: 'void java.lang.invoke.DirectMethodHandle$Holder.invokeVirtual(java.lang.Object, java.lang.Object, int)'> (0x00000000d5f8adf8) 
thrown [s\src\hotspot\share\interpreter\linkResolver.cpp, line 773]
Event: 30.221 Thread 0x000001ada00bb9d0 Exception <a 'java/lang/NoSuchMethodError'{0x00000000d5696c10}: 'void java.lang.invoke.DirectMethodHandle$Holder.invokeInterface(java.lang.Object, java.lang.Object)'> (0x00000000d5696c10) 
thrown [s\src\hotspot\share\interpreter\linkResolver.cpp, line 773]

ZGC Phase Switch (0 events):
No events

VM Operations (20 events):
Event: 30.001 Executing VM operation: ParallelGCFailedAllocation (Allocation Failure)
Event: 30.004 Executing VM operation: ParallelGCFailedAllocation (Allocation Failure) done
Event: 30.036 Executing VM operation: ParallelGCFailedAllocation (Allocation Failure)
Event: 30.038 Executing VM operation: ParallelGCFailedAllocation (Allocation Failure) done
Event: 30.090 Executing VM operation: ParallelGCFailedAllocation (Allocation Failure)
Event: 30.092 Executing VM operation: ParallelGCFailedAllocation (Allocation Failure) done
Event: 30.122 Executing VM operation: ParallelGCFailedAllocation (Allocation Failure)
Event: 30.123 Executing VM operation: ParallelGCFailedAllocation (Allocation Failure) done
Event: 30.150 Executing VM operation: ParallelGCFailedAllocation (Allocation Failure)
Event: 30.152 Executing VM operation: ParallelGCFailedAllocation (Allocation Failure) done
Event: 30.183 Executing VM operation: ParallelGCFailedAllocation (Allocation Failure)
Event: 30.185 Executing VM operation: ParallelGCFailedAllocation (Allocation Failure) done
Event: 30.213 Executing VM operation: ParallelGCFailedAllocation (Allocation Failure)
Event: 30.216 Executing VM operation: ParallelGCFailedAllocation (Allocation Failure) done
Event: 30.278 Executing VM operation: HandshakeAllThreads (Deoptimize)
Event: 30.288 Executing VM operation: HandshakeAllThreads (Deoptimize) done
Event: 30.289 Executing VM operation: ParallelGCFailedAllocation (Allocation Failure)
Event: 30.292 Executing VM operation: ParallelGCFailedAllocation (Allocation Failure) done
Event: 30.311 Executing VM operation: ParallelGCFailedAllocation (Allocation Failure)
Event: 31.304 Executing VM operation: ParallelGCFailedAllocation (Allocation Failure) done

Memory protections (0 events):
No events

Nmethod flushes (20 events):
Event: 27.744 Thread 0x000001ad3d2a4180 flushing  nmethod 0x000001ad40f85a10
Event: 27.744 Thread 0x000001ad3d2a4180 flushing  nmethod 0x000001ad40f87b10
Event: 27.744 Thread 0x000001ad3d2a4180 flushing  nmethod 0x000001ad40fb0410
Event: 27.744 Thread 0x000001ad3d2a4180 flushing  nmethod 0x000001ad40fb1a10
Event: 27.744 Thread 0x000001ad3d2a4180 flushing  nmethod 0x000001ad40fb1e90
Event: 27.744 Thread 0x000001ad3d2a4180 flushing  nmethod 0x000001ad40fb2610
Event: 27.744 Thread 0x000001ad3d2a4180 flushing  nmethod 0x000001ad40fb3610
Event: 27.744 Thread 0x000001ad3d2a4180 flushing  nmethod 0x000001ad40fb3a10
Event: 27.744 Thread 0x000001ad3d2a4180 flushing  nmethod 0x000001ad40fb4010
Event: 27.744 Thread 0x000001ad3d2a4180 flushing  nmethod 0x000001ad40fb4490
Event: 27.744 Thread 0x000001ad3d2a4180 flushing  nmethod 0x000001ad40fb5910
Event: 27.744 Thread 0x000001ad3d2a4180 flushing  nmethod 0x000001ad40fb5e90
Event: 27.744 Thread 0x000001ad3d2a4180 flushing  nmethod 0x000001ad40fbab10
Event: 27.744 Thread 0x000001ad3d2a4180 flushing  nmethod 0x000001ad40fc1a10
Event: 27.744 Thread 0x000001ad3d2a4180 flushing  nmethod 0x000001ad40fc2010
Event: 27.744 Thread 0x000001ad3d2a4180 flushing  nmethod 0x000001ad40fc2410
Event: 27.744 Thread 0x000001ad3d2a4180 flushing  nmethod 0x000001ad40fc2a10
Event: 27.744 Thread 0x000001ad3d2a4180 flushing  nmethod 0x000001ad40fc3f90
Event: 27.744 Thread 0x000001ad3d2a4180 flushing osr nmethod 0x000001ad40fecd10
Event: 27.744 Thread 0x000001ad3d2a4180 flushing  nmethod 0x000001ad41000a10

Events (20 events):
Event: 26.492 Thread 0x000001ada00bb9d0 Thread added: 0x000001ada28a87d0
Event: 26.501 Thread 0x000001ada00bb9d0 Thread added: 0x000001ada28a7ab0
Event: 26.807 Thread 0x000001ada00bb9d0 Thread added: 0x000001ada28a6d90
Event: 26.811 Thread 0x000001ada00bb9d0 Thread added: 0x000001ada28a8e60
Event: 26.811 Thread 0x000001ada00bb9d0 Thread added: 0x000001ada28a8140
Event: 26.884 Thread 0x000001ada00bb9d0 Thread added: 0x000001ada28a7420
Event: 26.934 Thread 0x000001ada00bb9d0 Thread added: 0x000001ada28a9b80
Event: 26.938 Thread 0x000001ada00bb9d0 Thread added: 0x000001adad21b6e0
Event: 26.941 Thread 0x000001ada00bb9d0 Thread added: 0x000001adad21de40
Event: 26.955 Thread 0x000001ada00bb9d0 Thread added: 0x000001adad21bd70
Event: 26.961 Thread 0x000001ada00bb9d0 Thread added: 0x000001adad21f1f0
Event: 26.979 Thread 0x000001ada00bb9d0 Thread added: 0x000001adad21c400
Event: 26.985 Thread 0x000001ada00bb9d0 Thread added: 0x000001adad21f880
Event: 26.999 Thread 0x000001ada00bb9d0 Thread added: 0x000001adad21eb60
Event: 29.290 Thread 0x000001ad9fcd7e10 Thread exited: 0x000001ad9fcd7e10
Event: 30.235 Thread 0x000001ada00bb9d0 Thread added: 0x000001adad21e4d0
Event: 30.235 Thread 0x000001ada00bb9d0 Thread added: 0x000001adad2205a0
Event: 30.235 Thread 0x000001ada00bb9d0 Thread added: 0x000001adad21d120
Event: 30.236 Thread 0x000001ada00bb9d0 Thread added: 0x000001adad220c30
Event: 30.236 Thread 0x000001ada00bb9d0 Thread added: 0x000001adad2212c0


Dynamic libraries:
0x00007ff7dfd70000 - 0x00007ff7dfd7e000 	c:\Users\phát\.vscode\extensions\redhat.java-1.43.0-win32-x64\jre\21.0.7-win32-x86_64\bin\java.exe
0x00007fff880a0000 - 0x00007fff88305000 	C:\WINDOWS\SYSTEM32\ntdll.dll
0x00007fff85f10000 - 0x00007fff85fd9000 	C:\WINDOWS\System32\KERNEL32.DLL
0x00007fff85a50000 - 0x00007fff85e38000 	C:\WINDOWS\System32\KERNELBASE.dll
0x00007fff854c0000 - 0x00007fff8560b000 	C:\WINDOWS\System32\ucrtbase.dll
0x00007fff4d0e0000 - 0x00007fff4d0f8000 	c:\Users\phát\.vscode\extensions\redhat.java-1.43.0-win32-x64\jre\21.0.7-win32-x86_64\bin\jli.dll
0x00007fff3a330000 - 0x00007fff3a34e000 	c:\Users\phát\.vscode\extensions\redhat.java-1.43.0-win32-x64\jre\21.0.7-win32-x86_64\bin\VCRUNTIME140.dll
0x00007fff86010000 - 0x00007fff861da000 	C:\WINDOWS\System32\USER32.dll
0x00007fff858d0000 - 0x00007fff858f7000 	C:\WINDOWS\System32\win32u.dll
0x00007fff87ea0000 - 0x00007fff87ecb000 	C:\WINDOWS\System32\GDI32.dll
0x00007fff6c830000 - 0x00007fff6caca000 	C:\WINDOWS\WinSxS\amd64_microsoft.windows.common-controls_6595b64144ccf1df_6.0.26100.4202_none_3e0698d4e335f517\COMCTL32.dll
0x00007fff85610000 - 0x00007fff85747000 	C:\WINDOWS\System32\gdi32full.dll
0x00007fff85900000 - 0x00007fff859a3000 	C:\WINDOWS\System32\msvcp_win.dll
0x00007fff86670000 - 0x00007fff86719000 	C:\WINDOWS\System32\msvcrt.dll
0x00007fff86fd0000 - 0x00007fff87000000 	C:\WINDOWS\System32\IMM32.DLL
0x00007fff51850000 - 0x00007fff5185c000 	c:\Users\phát\.vscode\extensions\redhat.java-1.43.0-win32-x64\jre\21.0.7-win32-x86_64\bin\vcruntime140_1.dll
0x00007ffee82b0000 - 0x00007ffee833d000 	c:\Users\phát\.vscode\extensions\redhat.java-1.43.0-win32-x64\jre\21.0.7-win32-x86_64\bin\msvcp140.dll
0x00007ffedfe50000 - 0x00007ffee0be0000 	c:\Users\phát\.vscode\extensions\redhat.java-1.43.0-win32-x64\jre\21.0.7-win32-x86_64\bin\server\jvm.dll
0x00007fff867a0000 - 0x00007fff86853000 	C:\WINDOWS\System32\ADVAPI32.dll
0x00007fff87950000 - 0x00007fff879f6000 	C:\WINDOWS\System32\sechost.dll
0x00007fff87640000 - 0x00007fff87755000 	C:\WINDOWS\System32\RPCRT4.dll
0x00007fff86720000 - 0x00007fff86794000 	C:\WINDOWS\System32\WS2_32.dll
0x00007fff83e30000 - 0x00007fff83e8e000 	C:\WINDOWS\SYSTEM32\POWRPROF.dll
0x00007fff7cbb0000 - 0x00007fff7cbe5000 	C:\WINDOWS\SYSTEM32\WINMM.dll
0x00007fff743b0000 - 0x00007fff743bb000 	C:\WINDOWS\SYSTEM32\VERSION.dll
0x00007fff83e10000 - 0x00007fff83e24000 	C:\WINDOWS\SYSTEM32\UMPDC.dll
0x00007fff840d0000 - 0x00007fff840eb000 	C:\WINDOWS\SYSTEM32\kernel.appcore.dll
0x00007fff511a0000 - 0x00007fff511aa000 	c:\Users\phát\.vscode\extensions\redhat.java-1.43.0-win32-x64\jre\21.0.7-win32-x86_64\bin\jimage.dll
0x00007fff82360000 - 0x00007fff825a1000 	C:\WINDOWS\SYSTEM32\DBGHELP.DLL
0x00007fff87010000 - 0x00007fff87395000 	C:\WINDOWS\System32\combase.dll
0x00007fff87550000 - 0x00007fff87631000 	C:\WINDOWS\System32\OLEAUT32.dll
0x00007fff651f0000 - 0x00007fff65229000 	C:\WINDOWS\SYSTEM32\dbgcore.DLL
0x00007fff859b0000 - 0x00007fff85a49000 	C:\WINDOWS\System32\bcryptPrimitives.dll
0x00007fff3e440000 - 0x00007fff3e44f000 	c:\Users\phát\.vscode\extensions\redhat.java-1.43.0-win32-x64\jre\21.0.7-win32-x86_64\bin\instrument.dll
0x00007fff39e00000 - 0x00007fff39e1f000 	c:\Users\phát\.vscode\extensions\redhat.java-1.43.0-win32-x64\jre\21.0.7-win32-x86_64\bin\java.dll
0x00007fff86860000 - 0x00007fff86fa2000 	C:\WINDOWS\System32\SHELL32.dll
0x00007fff851f0000 - 0x00007fff85364000 	C:\WINDOWS\System32\wintypes.dll
0x00007fff82e90000 - 0x00007fff836e7000 	C:\WINDOWS\SYSTEM32\windows.storage.dll
0x00007fff87c50000 - 0x00007fff87d41000 	C:\WINDOWS\System32\SHCORE.dll
0x00007fff87be0000 - 0x00007fff87c4a000 	C:\WINDOWS\System32\shlwapi.dll
0x00007fff85100000 - 0x00007fff8512f000 	C:\WINDOWS\SYSTEM32\profapi.dll
0x00007ffee8040000 - 0x00007ffee8058000 	c:\Users\phát\.vscode\extensions\redhat.java-1.43.0-win32-x64\jre\21.0.7-win32-x86_64\bin\zip.dll
0x00007fff3a0b0000 - 0x00007fff3a0c0000 	C:\Users\phát\.vscode\extensions\redhat.java-1.43.0-win32-x64\jre\21.0.7-win32-x86_64\bin\net.dll
0x00007fff7dc20000 - 0x00007fff7dd3e000 	C:\WINDOWS\SYSTEM32\WINHTTP.dll
0x00007fff84640000 - 0x00007fff846aa000 	C:\WINDOWS\system32\mswsock.dll
0x00007fff2e840000 - 0x00007fff2e856000 	C:\Users\phát\.vscode\extensions\redhat.java-1.43.0-win32-x64\jre\21.0.7-win32-x86_64\bin\nio.dll
0x00007fff2edd0000 - 0x00007fff2ede0000 	c:\Users\phát\.vscode\extensions\redhat.java-1.43.0-win32-x64\jre\21.0.7-win32-x86_64\bin\verify.dll
0x00007fff75c90000 - 0x00007fff75cd5000 	C:\Users\phát\AppData\Roaming\Code\User\globalStorage\redhat.java\1.43.0\config_win\org.eclipse.equinox.launcher\org.eclipse.equinox.launcher.win32.win32.x86_64_1.2.1300.v20250331-1702\eclipse_11911.dll
0x00007fff873a0000 - 0x00007fff8753e000 	C:\WINDOWS\System32\ole32.dll
0x00007fff848f0000 - 0x00007fff8490b000 	C:\WINDOWS\SYSTEM32\CRYPTSP.dll
0x00007fff84030000 - 0x00007fff8406a000 	C:\WINDOWS\system32\rsaenh.dll
0x00007fff846e0000 - 0x00007fff8470b000 	C:\WINDOWS\SYSTEM32\USERENV.dll
0x00007fff850d0000 - 0x00007fff850f6000 	C:\WINDOWS\SYSTEM32\bcrypt.dll
0x00007fff84910000 - 0x00007fff8491c000 	C:\WINDOWS\SYSTEM32\CRYPTBASE.dll
0x00007fff83ac0000 - 0x00007fff83af3000 	C:\WINDOWS\SYSTEM32\IPHLPAPI.DLL
0x00007fff87e90000 - 0x00007fff87e9a000 	C:\WINDOWS\System32\NSI.dll
0x00007fff72b30000 - 0x00007fff72b79000 	C:\Users\phát\AppData\Local\Temp\jna-3443627\jna12456954327843806669.dll
0x00007fff87760000 - 0x00007fff87768000 	C:\WINDOWS\System32\PSAPI.DLL
0x00007fff7eb70000 - 0x00007fff7eb8f000 	C:\WINDOWS\SYSTEM32\dhcpcsvc6.DLL
0x00007fff7eac0000 - 0x00007fff7eae5000 	C:\WINDOWS\SYSTEM32\dhcpcsvc.DLL

dbghelp: loaded successfully - version: 4.0.5 - missing functions: none
symbol engine: initialized successfully - sym options: 0x614 - pdb path: .;c:\Users\phát\.vscode\extensions\redhat.java-1.43.0-win32-x64\jre\21.0.7-win32-x86_64\bin;C:\WINDOWS\SYSTEM32;C:\WINDOWS\WinSxS\amd64_microsoft.windows.common-controls_6595b64144ccf1df_6.0.26100.4202_none_3e0698d4e335f517;c:\Users\phát\.vscode\extensions\redhat.java-1.43.0-win32-x64\jre\21.0.7-win32-x86_64\bin\server;C:\Users\phát\AppData\Roaming\Code\User\globalStorage\redhat.java\1.43.0\config_win\org.eclipse.equinox.launcher\org.eclipse.equinox.launcher.win32.win32.x86_64_1.2.1300.v20250331-1702;C:\Users\phát\AppData\Local\Temp\jna-3443627

VM Arguments:
jvm_args: --add-modules=ALL-SYSTEM --add-opens=java.base/java.util=ALL-UNNAMED --add-opens=java.base/java.lang=ALL-UNNAMED --add-opens=java.base/sun.nio.fs=ALL-UNNAMED -Declipse.application=org.eclipse.jdt.ls.core.id1 -Dosgi.bundles.defaultStartLevel=4 -Declipse.product=org.eclipse.jdt.ls.core.product -Djava.import.generatesMetadataFilesAtProjectRoot=false -DDetectVMInstallationsJob.disabled=true -Dfile.encoding=utf8 -XX:+UseParallelGC -XX:GCTimeRatio=4 -XX:AdaptiveSizePolicyWeight=90 -Dsun.zip.disableMemoryMapping=true -Xmx2G -Xms100m -Xlog:disable -javaagent:c:\Users\phát\.vscode\extensions\redhat.java-1.43.0-win32-x64\lombok\lombok-1.18.39-4050.jar -XX:+HeapDumpOnOutOfMemoryError -XX:HeapDumpPath=c:\Users\phát\AppData\Roaming\Code\User\workspaceStorage\b91bb5745323b6a29de8febb72558fa8\redhat.java -Daether.dependencyCollector.impl=bf 
java_command: c:\Users\phát\.vscode\extensions\redhat.java-1.43.0-win32-x64\server\plugins\org.eclipse.equinox.launcher_1.7.0.v20250519-0528.jar -configuration c:\Users\phát\AppData\Roaming\Code\User\globalStorage\redhat.java\1.43.0\config_win -data c:\Users\phát\AppData\Roaming\Code\User\workspaceStorage\b91bb5745323b6a29de8febb72558fa8\redhat.java\jdt_ws --pipe=\\.\pipe\lsp-9e6f0dfdc48bd426c758bfb9597ed86a-sock
java_class_path (initial): c:\Users\phát\.vscode\extensions\redhat.java-1.43.0-win32-x64\server\plugins\org.eclipse.equinox.launcher_1.7.0.v20250519-0528.jar
Launcher Type: SUN_STANDARD

[Global flags]
    uintx AdaptiveSizePolicyWeight                 = 90                                        {product} {command line}
     intx CICompilerCount                          = 12                                        {product} {ergonomic}
    uintx GCTimeRatio                              = 4                                         {product} {command line}
     bool HeapDumpOnOutOfMemoryError               = true                                   {manageable} {command line}
    ccstr HeapDumpPath                             = c:\Users\phát\AppData\Roaming\Code\User\workspaceStorage\b91bb5745323b6a29de8febb72558fa8\redhat.java         {manageable} {command line}
   size_t InitialHeapSize                          = 104857600                                 {product} {command line}
   size_t MaxHeapSize                              = 2147483648                                {product} {command line}
   size_t MaxNewSize                               = 715653120                                 {product} {ergonomic}
   size_t MinHeapDeltaBytes                        = 524288                                    {product} {ergonomic}
   size_t MinHeapSize                              = 104857600                                 {product} {command line}
   size_t NewSize                                  = 34603008                                  {product} {ergonomic}
    uintx NonNMethodCodeHeapSize                   = 7602480                                {pd product} {ergonomic}
    uintx NonProfiledCodeHeapSize                  = 122027880                              {pd product} {ergonomic}
   size_t OldSize                                  = 70254592                                  {product} {ergonomic}
    uintx ProfiledCodeHeapSize                     = 122027880                              {pd product} {ergonomic}
    uintx ReservedCodeCacheSize                    = 251658240                              {pd product} {ergonomic}
     bool SegmentedCodeCache                       = true                                      {product} {ergonomic}
   size_t SoftMaxHeapSize                          = 2147483648                             {manageable} {ergonomic}
     bool UseCompressedOops                        = true                           {product lp64_product} {ergonomic}
     bool UseLargePagesIndividualAllocation        = false                                  {pd product} {ergonomic}
     bool UseParallelGC                            = true                                      {product} {command line}

Logging:
Log output configuration:
 #0: stdout all=off uptime,level,tags foldmultilines=false
 #1: stderr all=off uptime,level,tags foldmultilines=false

Environment Variables:
JAVA_HOME=C:\Program Files\Java\jdk1.8.0_172
CLASSPATH=.;C:\Program Files\Java\jdk1.8.0_172\lib;C:\Program Files\Java\jdk1.8.0_172\jre\lib
PATH=C:\Program Files\Common Files\Oracle\Java\javapath;C:\Program Files\Microsoft MPI\Bin\;C:\Program Files (x86)\Common Files\Oracle\Java\javapath;C:\Windows\system32;C:\Windows;C:\Windows\System32\Wbem;C:\Windows\System32\WindowsPowerShell\v1.0\;C:\Windows\System32\OpenSSH\;C:\Program Files (x86)\NVIDIA Corporation\PhysX\Common;C:\Program Files\NVIDIA Corporation\NVIDIA NvDLISR;C:\WINDOWS\system32;C:\WINDOWS;C:\WINDOWS\System32\Wbem;C:\WINDOWS\System32\WindowsPowerShell\v1.0\;C:\WINDOWS\System32\OpenSSH\;C:\Program Files\nodejs\;C:\Program Files\Azure Data Studio\bin;C:\Program Files\Microsoft SQL Server\Client SDK\ODBC\170\Tools\Binn\;C:\Program Files (x86)\Microsoft SQL Server\150\Tools\Binn\;C:\Program Files\Microsoft SQL Server\150\Tools\Binn\;C:\Program Files\Microsoft SQL Server\150\DTS\Binn\;C:\Program Files (x86)\Microsoft SQL Server\160\DTS\Binn\;C:\Program Files\Git\cmd;C:\Users\phát\Downloads\ngrok;C:\Program Files\Java\jdk1.8.0_172\bin;C:\Program Files\MySQL\MySQL Shell 8.0\bin\;C:\Users\phát\AppData\Local\Microsoft\WindowsApps;C:\Users\phát\AppData\Local\Programs\Microsoft VS Code\bin;C:\Users\phát\AppData\Local\GitHubDesktop\bin;C:\Program Files\Azure Data Studio\bin;C:\Users\phát\AppData\Roaming\npm
USERNAME=phát
OS=Windows_NT
PROCESSOR_IDENTIFIER=Intel64 Family 6 Model 154 Stepping 3, GenuineIntel
TMP=C:\Users\PHT~1\AppData\Local\Temp
TEMP=C:\Users\PHT~1\AppData\Local\Temp




Periodic native trim disabled

---------------  S Y S T E M  ---------------

OS:
 Windows 11 , 64 bit Build 26100 (10.0.26100.4202)
OS uptime: 0 days 3:52 hours

CPU: total 16 (initial active 16) (8 cores per cpu, 2 threads per core) family 6 model 154 stepping 3 microcode 0x434, cx8, cmov, fxsr, ht, mmx, 3dnowpref, sse, sse2, sse3, ssse3, sse4.1, sse4.2, popcnt, lzcnt, tsc, tscinvbit, avx, avx2, aes, erms, clmul, bmi1, bmi2, adx, sha, fma, vzeroupper, clflush, clflushopt, clwb, serialize, rdtscp, rdpid, fsrm, f16c, pku, cet_ibt, cet_ss
Processor Information for the first 16 processors :
  Max Mhz: 2500, Current Mhz: 2500, Mhz Limit: 2500

Memory: 4k page, system-wide physical 16004M (766M free)
TotalPageFile size 47254M (AvailPageFile size 42M)
current process WorkingSet (physical memory assigned to process): 494M, peak: 522M
current process commit charge ("private bytes"): 520M, peak: 549M

vm_info: OpenJDK 64-Bit Server VM (21.0.7+6-LTS) for windows-amd64 JRE (21.0.7+6-LTS), built on 2025-04-15T00:00:00Z by "admin" with MS VC++ 17.7 (VS2022)

END.
